--- SYNC 2026-05-24 19:18:46 UTC ---
Status: success
Branches updated: 0
Tags updated: 0
Notes: Fork was already current with upstream; sync-logs branch recreated (deleted by mirror push as expected)

--- SYNC 2026-05-24 19:20:58 UTC ---
Status: success
Branches updated: 0
Tags updated: 0
Notes: Fork already up-to-date with upstream; no refs needed updating


--- SYNC 2026-05-26 07:09:55 UTC ---
Status: success
Branches updated: 1
Tags updated: 0
Notes: none

--- SYNC 2026-05-27 07:07:23 UTC ---
Status: success
Branches updated: 1
Tags updated: 0
Notes: none

--- SYNC 2026-05-28 07:08:37 UTC ---
Status: success
Branches updated: 0
Tags updated: 0
Notes: Fork already up-to-date with upstream; no refs needed updating

--- SYNC 2026-05-29 07:07:30 UTC ---
Status: success
Branches updated: 0
Tags updated: 0
Notes: Fork already up-to-date with upstream; no refs required updating
